<?xml version="1.0" encoding="UTF-8"?>
<!-- Generated by org.testng.reporters.JUnitXMLReporter -->
<testsuite ignored="1" hostname="SAWAN" failures="0" tests="1" name="Default test" time="8.883" errors="0" timestamp="2026-03-01T01:46:08 IST">
  <testcase classname="Test.PatientTests" name="testPatientRepository" time="0.147"/>
  <testcase classname="Test.PatientTests" name="testTransactionMethods" time="0.0">
    <ignored/>
  </testcase> <!-- testTransactionMethods -->
</testsuite> <!-- Default test -->
