<?xml version="1.0" encoding="UTF-8"?>
<!-- Generated by org.testng.reporters.JUnitXMLReporter -->
<testsuite ignored="1" hostname="SAWAN" failures="0" tests="1" name="Default test" time="9.493" errors="0" timestamp="2026-02-28T20:14:29 IST">
  <testcase classname="Test.PatientTests" name="testTransactionMethods" time="0.276"/>
  <testcase classname="Test.PatientTests" name="testPatientRepository" time="0.0">
    <ignored/>
  </testcase> <!-- testPatientRepository -->
</testsuite> <!-- Default test -->
