<?xml version="1.0" encoding="UTF-8"?>
<testng-results ignored="1" total="2" passed="1" failed="0" skipped="0">
  <reporter-output>
  </reporter-output>
  <suite started-at="2026-03-01T01:45:59 IST" name="Default suite" finished-at="2026-03-01T01:46:08 IST" duration-ms="8883">
    <groups>
    </groups>
    <test started-at="2026-03-01T01:45:59 IST" name="Default test" finished-at="2026-03-01T01:46:08 IST" duration-ms="8883">
      <class name="Test.PatientTests">
        <test-method is-config="true" signature="springTestContextBeforeTestClass()[pri:0, instance:Test.PatientTests@5c00384f]" started-at="2026-03-01T01:45:59 IST" name="springTestContextBeforeTestClass" finished-at="2026-03-01T01:45:59 IST" duration-ms="19" status="PASS">
          <reporter-output>
          </reporter-output>
        </test-method> <!-- springTestContextBeforeTestClass -->
        <test-method is-config="true" signature="springTestContextPrepareTestInstance()[pri:0, instance:Test.PatientTests@5c00384f]" started-at="2026-03-01T01:45:59 IST" name="springTestContextPrepareTestInstance" finished-at="2026-03-01T01:46:07 IST" depends-on-methods="org.springframework.test.context.testng.AbstractTestNGSpringContextTests.springTestContextBeforeTestClass" duration-ms="8216" status="PASS">
          <reporter-output>
          </reporter-output>
        </test-method> <!-- springTestContextPrepareTestInstance -->
        <test-method is-config="true" signature="springTestContextBeforeTestMethod(java.lang.reflect.Method)[pri:0, instance:Test.PatientTests@5c00384f]" started-at="2026-03-01T01:46:07 IST" name="springTestContextBeforeTestMethod" finished-at="2026-03-01T01:46:08 IST" duration-ms="451" status="PASS">
          <params>
            <param index="0">
              <value>
                <![CDATA[public void Test.PatientTests.testPatientRepository()]]>
              </value>
            </param>
          </params>
          <reporter-output>
          </reporter-output>
        </test-method> <!-- springTestContextBeforeTestMethod -->
        <test-method signature="testPatientRepository()[pri:0, instance:Test.PatientTests@5c00384f]" started-at="2026-03-01T01:46:08 IST" name="testPatientRepository" finished-at="2026-03-01T01:46:08 IST" duration-ms="147" status="PASS">
          <reporter-output>
          </reporter-output>
        </test-method> <!-- testPatientRepository -->
        <test-method is-config="true" signature="springTestContextAfterTestMethod(java.lang.reflect.Method)[pri:0, instance:Test.PatientTests@5c00384f]" started-at="2026-03-01T01:46:08 IST" name="springTestContextAfterTestMethod" finished-at="2026-03-01T01:46:08 IST" duration-ms="5" status="PASS">
          <params>
            <param index="0">
              <value>
                <![CDATA[public void Test.PatientTests.testPatientRepository()]]>
              </value>
            </param>
          </params>
          <reporter-output>
          </reporter-output>
        </test-method> <!-- springTestContextAfterTestMethod -->
        <test-method is-config="true" signature="springTestContextAfterTestClass()[pri:0, instance:Test.PatientTests@5c00384f]" started-at="2026-03-01T01:46:08 IST" name="springTestContextAfterTestClass" finished-at="2026-03-01T01:46:08 IST" duration-ms="3" status="PASS">
          <reporter-output>
          </reporter-output>
        </test-method> <!-- springTestContextAfterTestClass -->
      </class> <!-- Test.PatientTests -->
    </test> <!-- Default test -->
  </suite> <!-- Default suite -->
</testng-results>
