<?xml version="1.0" encoding="UTF-8"?>
<testng-results ignored="0" total="1" passed="0" failed="1" skipped="0">
  <reporter-output>
  </reporter-output>
  <suite started-at="2026-02-28T22:41:40 IST" name="Default suite" finished-at="2026-02-28T22:41:46 IST" duration-ms="6539">
    <groups>
    </groups>
    <test started-at="2026-02-28T22:41:40 IST" name="Default test" finished-at="2026-02-28T22:41:46 IST" duration-ms="6539">
      <class name="Test.InsuranceTests">
        <test-method is-config="true" signature="springTestContextBeforeTestClass()[pri:0, instance:Test.InsuranceTests@7516e4e5]" started-at="2026-02-28T22:41:40 IST" name="springTestContextBeforeTestClass" finished-at="2026-02-28T22:41:40 IST" duration-ms="13" status="PASS">
          <reporter-output>
          </reporter-output>
        </test-method> <!-- springTestContextBeforeTestClass -->
        <test-method is-config="true" signature="springTestContextPrepareTestInstance()[pri:0, instance:Test.InsuranceTests@7516e4e5]" started-at="2026-02-28T22:41:40 IST" name="springTestContextPrepareTestInstance" finished-at="2026-02-28T22:41:46 IST" depends-on-methods="org.springframework.test.context.testng.AbstractTestNGSpringContextTests.springTestContextBeforeTestClass" duration-ms="5993" status="PASS">
          <reporter-output>
          </reporter-output>
        </test-method> <!-- springTestContextPrepareTestInstance -->
        <test-method is-config="true" signature="springTestContextBeforeTestMethod(java.lang.reflect.Method)[pri:0, instance:Test.InsuranceTests@7516e4e5]" started-at="2026-02-28T22:41:46 IST" name="springTestContextBeforeTestMethod" finished-at="2026-02-28T22:41:46 IST" duration-ms="399" status="PASS">
          <params>
            <param index="0">
              <value>
                <![CDATA[public void Test.InsuranceTests.testInsurance()]]>
              </value>
            </param>
          </params>
          <reporter-output>
          </reporter-output>
        </test-method> <!-- springTestContextBeforeTestMethod -->
        <test-method signature="testInsurance()[pri:0, instance:Test.InsuranceTests@7516e4e5]" started-at="2026-02-28T22:41:46 IST" name="testInsurance" finished-at="2026-02-28T22:41:46 IST" duration-ms="82" status="FAIL">
          <exception class="jakarta.persistence.EntityNotFoundException">
            <message>
              <![CDATA[Patient not found with patient id : 1]]>
            </message>
            <full-stacktrace>
              <![CDATA[jakarta.persistence.EntityNotFoundException: Patient not found with patient id : 1
at Main.service.serviceImpl.InsuranceServiceImpl.lambda$0(InsuranceServiceImpl.java:24)
at java.base/java.util.Optional.orElseThrow(Optional.java:403)
at Main.service.serviceImpl.InsuranceServiceImpl.assignInsuranceToPatient(InsuranceServiceImpl.java:24)
at java.base/jdk.internal.reflect.DirectMethodHandleAccessor.invoke(DirectMethodHandleAccessor.java:103)
at java.base/java.lang.reflect.Method.invoke(Method.java:580)
at org.springframework.aop.support.AopUtils.invokeJoinpointUsingReflection(AopUtils.java:359)
at org.springframework.aop.framework.ReflectiveMethodInvocation.invokeJoinpoint(ReflectiveMethodInvocation.java:190)
at org.springframework.aop.framework.ReflectiveMethodInvocation.proceed(ReflectiveMethodInvocation.java:158)
at org.springframework.transaction.interceptor.TransactionInterceptor$1.proceedWithInvocation(TransactionInterceptor.java:133)
at org.springframework.transaction.interceptor.TransactionAspectSupport.invokeWithinTransaction(TransactionAspectSupport.java:371)
at org.springframework.transaction.interceptor.TransactionInterceptor.invoke(TransactionInterceptor.java:130)
at org.springframework.aop.framework.ReflectiveMethodInvocation.proceed(ReflectiveMethodInvocation.java:179)
at org.springframework.aop.framework.CglibAopProxy$DynamicAdvisedInterceptor.intercept(CglibAopProxy.java:719)
at Main.service.serviceImpl.InsuranceServiceImpl$$SpringCGLIB$$0.assignInsuranceToPatient(<generated>)
at Test.InsuranceTests.testInsurance(InsuranceTests.java:29)
at java.base/jdk.internal.reflect.DirectMethodHandleAccessor.invoke(DirectMethodHandleAccessor.java:103)
at java.base/java.lang.reflect.Method.invoke(Method.java:580)
at org.testng.internal.invokers.MethodInvocationHelper.invokeMethod(MethodInvocationHelper.java:141)
at org.testng.internal.invokers.MethodInvocationHelper$1.runTestMethod(MethodInvocationHelper.java:260)
at org.springframework.test.context.testng.AbstractTestNGSpringContextTests.run(AbstractTestNGSpringContextTests.java:153)
at org.testng.internal.invokers.MethodInvocationHelper.invokeHookable(MethodInvocationHelper.java:274)
at org.testng.internal.invokers.TestInvoker.invokeMethod(TestInvoker.java:679)
at org.testng.internal.invokers.TestInvoker.invokeTestMethod(TestInvoker.java:230)
at org.testng.internal.invokers.MethodRunner.runInSequence(MethodRunner.java:63)
at org.testng.internal.invokers.TestInvoker$MethodInvocationAgent.invoke(TestInvoker.java:995)
at org.testng.internal.invokers.TestInvoker.invokeTestMethods(TestInvoker.java:203)
at org.testng.internal.invokers.TestMethodWorker.invokeTestMethods(TestMethodWorker.java:154)
at org.testng.internal.invokers.TestMethodWorker.run(TestMethodWorker.java:134)
at java.base/java.util.ArrayList.forEach(ArrayList.java:1596)
at org.testng.TestRunner.privateRun(TestRunner.java:741)
at org.testng.TestRunner.run(TestRunner.java:616)
at org.testng.SuiteRunner.runTest(SuiteRunner.java:421)
at org.testng.SuiteRunner.runSequentially(SuiteRunner.java:413)
at org.testng.SuiteRunner.privateRun(SuiteRunner.java:373)
at org.testng.SuiteRunner.run(SuiteRunner.java:312)
at org.testng.SuiteRunnerWorker.runSuite(SuiteRunnerWorker.java:52)
at org.testng.SuiteRunnerWorker.run(SuiteRunnerWorker.java:95)
at org.testng.TestNG.runSuitesSequentially(TestNG.java:1274)
at org.testng.TestNG.runSuitesLocally(TestNG.java:1208)
at org.testng.TestNG.runSuites(TestNG.java:1112)
at org.testng.TestNG.run(TestNG.java:1079)
at org.testng.remote.AbstractRemoteTestNG.run(AbstractRemoteTestNG.java:115)
at org.testng.remote.RemoteTestNG.initAndRun(RemoteTestNG.java:293)
at org.testng.remote.RemoteTestNG.main(RemoteTestNG.java:91)
]]>
            </full-stacktrace>
          </exception> <!-- jakarta.persistence.EntityNotFoundException -->
          <reporter-output>
          </reporter-output>
        </test-method> <!-- testInsurance -->
        <test-method is-config="true" signature="springTestContextAfterTestMethod(java.lang.reflect.Method)[pri:0, instance:Test.InsuranceTests@7516e4e5]" started-at="2026-02-28T22:41:46 IST" name="springTestContextAfterTestMethod" finished-at="2026-02-28T22:41:46 IST" duration-ms="7" status="PASS">
          <params>
            <param index="0">
              <value>
                <![CDATA[public void Test.InsuranceTests.testInsurance()]]>
              </value>
            </param>
          </params>
          <reporter-output>
          </reporter-output>
        </test-method> <!-- springTestContextAfterTestMethod -->
        <test-method is-config="true" signature="springTestContextAfterTestClass()[pri:0, instance:Test.InsuranceTests@7516e4e5]" started-at="2026-02-28T22:41:46 IST" name="springTestContextAfterTestClass" finished-at="2026-02-28T22:41:46 IST" duration-ms="3" status="PASS">
          <reporter-output>
          </reporter-output>
        </test-method> <!-- springTestContextAfterTestClass -->
      </class> <!-- Test.InsuranceTests -->
    </test> <!-- Default test -->
  </suite> <!-- Default suite -->
</testng-results>
